
state 0
	$accept: .file $end 
	tokenlist: .    (2)

	.  reduce 2 (src line 25)

	file  goto 1
	tokenlist  goto 2

state 1
	$accept:  file.$end 

	$end  accept
	.  error


state 2
	file:  tokenlist.    (1)
	tokenlist:  tokenlist.INTEGER 
	tokenlist:  tokenlist.IDENTIFIER 
	tokenlist:  tokenlist.OPERATOR 

	INTEGER  shift 3
	IDENTIFIER  shift 4
	OPERATOR  shift 5
	.  reduce 1 (src line 18)


state 3
	tokenlist:  tokenlist INTEGER.    (3)

	.  reduce 3 (src line 28)


state 4
	tokenlist:  tokenlist IDENTIFIER.    (4)

	.  reduce 4 (src line 33)


state 5
	tokenlist:  tokenlist OPERATOR.    (5)

	.  reduce 5 (src line 41)


6 terminals, 3 nonterminals
6 grammar rules, 6/8000 states
0 shift/reduce, 0 reduce/reduce conflicts reported
52 working sets used
memory: parser 1/120000
0 extra closures
3 shift entries, 1 exceptions
2 goto entries
0 entries saved by goto default
Optimizer space used: output 5/120000
5 table entries, 0 zero
maximum spread: 6, maximum offset: 4
