语法

    0 $accept: S $end

    1 S: _
    2  | S _

    3 _: X Y


终结语词，附有它们出现处的规则

    $end (0) 0
    error (256)
    X (258) 3
    Y (259) 3


非终结语词，附有它们出现处的规则

    $accept (5)
        on left: 0
    S (6)
        on left: 1 2
        on right: 0 2
    _ (7)
        on left: 3
        on right: 1 2


状态 0

    0 $accept: . S $end

    X  偏移，并进入状态 1

    S  转到状态 2
    _  转到状态 3


状态 1

    3 _: X . Y

    Y  偏移，并进入状态 4


状态 2

    0 $accept: S . $end
    2 S: S . _

    $end  偏移，并进入状态 5
    X     偏移，并进入状态 1

    _  转到状态 6


状态 3

    1 S: _ .

    $default  使用规则 1 以归约 (S)


状态 4

    3 _: X Y .

    $default  使用规则 3 以归约 (_)


状态 5

    0 $accept: S $end .

    $default  接受


状态 6

    2 S: S _ .

    $default  使用规则 2 以归约 (S)
